0 info it worked if it ends with ok
1 verbose cli [ 'C:\\Program Files\\nodejs\\node.exe',
1 verbose cli   'C:\\Program Files\\nodejs\\node_modules\\npm\\bin\\npm-cli.js',
1 verbose cli   'install',
1 verbose cli   '-g',
1 verbose cli   'cordova' ]
2 info using npm@2.14.4
3 info using node@v4.1.1
4 verbose install initial load of C:\Users\leo\AppData\Roaming\npm\package.json
5 verbose readDependencies loading dependencies from C:\Users\leo\AppData\Roaming\npm\package.json
6 silly cache add args [ 'cordova', null ]
7 verbose cache add spec cordova
8 silly cache add parsed spec Result {
8 silly cache add   raw: 'cordova',
8 silly cache add   scope: null,
8 silly cache add   name: 'cordova',
8 silly cache add   rawSpec: '',
8 silly cache add   spec: '*',
8 silly cache add   type: 'range' }
9 silly addNamed cordova@*
10 verbose addNamed "*" is a valid semver range for cordova
11 silly addNameRange { name: 'cordova', range: '*', hasData: false }
12 silly mapToRegistry name cordova
13 silly mapToRegistry using default registry
14 silly mapToRegistry registry https://registry.npmjs.org/
15 silly mapToRegistry uri https://registry.npmjs.org/cordova
16 verbose addNameRange registry:https://registry.npmjs.org/cordova not in flight; fetching
17 verbose request uri https://registry.npmjs.org/cordova
18 verbose request no auth needed
19 info attempt registry request try #1 at 10:06:09
20 verbose request id c824d73da46fc749
21 http request GET https://registry.npmjs.org/cordova
22 info retry will retry, error on last attempt: Error: connect ETIMEDOUT 103.245.222.162:443
23 info attempt registry request try #2 at 10:06:40
24 http request GET https://registry.npmjs.org/cordova
25 info retry will retry, error on last attempt: Error: socket hang up
26 info attempt registry request try #3 at 10:08:54
27 http request GET https://registry.npmjs.org/cordova
28 verbose stack Error: read ECONNRESET
28 verbose stack     at exports._errnoException (util.js:837:11)
28 verbose stack     at TLSWrap.onread (net.js:544:26)
29 verbose cwd C:\Users\leo\WebstormProjects\untitled\nodejs
30 error Windows_NT 10.0.10532
31 error argv "C:\\Program Files\\nodejs\\node.exe" "C:\\Program Files\\nodejs\\node_modules\\npm\\bin\\npm-cli.js" "install" "-g" "cordova"
32 error node v4.1.1
33 error npm  v2.14.4
34 error code ECONNRESET
35 error errno ECONNRESET
36 error syscall read
37 error network read ECONNRESET
37 error network This is most likely not a problem with npm itself
37 error network and is related to network connectivity.
37 error network In most cases you are behind a proxy or have bad network settings.
37 error network
37 error network If you are behind a proxy, please make sure that the
37 error network 'proxy' config is set properly.  See: 'npm help config'
38 verbose exit [ 1, true ]
